Revision: 101408
Author: akrupovies
Date: Monday, August 02, 2010 11:08:38 AM
Message:
EISDEV-4686. Moved "thirdparty" under trunk
----
Deleted : /ipb2/ipb-base/thirdparty
Added : /trunk/thirdparty (Copy from path: /ipb2/ipb-base/thirdparty, Revision, 101407)

Revision: 98313
Author: svilkelis
Date: Wednesday, July 07, 2010 9:58:39 AM
Message:
EISDEV-1837 : Springmodules use a lot of memory
----
Modified : /ipb2/ipb-base/thirdparty/springmodules/spring-modules-cache/pom.xml
Added : /ipb2/ipb-base/thirdparty/springmodules/spring-modules-cache/src/main/java/org/springmodules/cache/config/gigaspaces
Added : /ipb2/ipb-base/thirdparty/springmodules/spring-modules-cache/src/main/java/org/springmodules/cache/config/gigaspaces/GigaSpacesFacadeParser.java
Added : /ipb2/ipb-base/thirdparty/springmodules/spring-modules-cache/src/main/java/org/springmodules/cache/config/gigaspaces/GigaSpacesModelParser.java
Added : /ipb2/ipb-base/thirdparty/springmodules/spring-modules-cache/src/main/java/org/springmodules/cache/config/gigaspaces/GigaSpacesNamespaceHandler.java
Added : /ipb2/ipb-base/thirdparty/springmodules/spring-modules-cache/src/main/java/org/springmodules/cache/config/gigaspaces/springmodules-gigaspaces.xsd
Added : /ipb2/ipb-base/thirdparty/springmodules/spring-modules-cache/src/main/java/org/springmodules/cache/config/jboss
Added : /ipb2/ipb-base/thirdparty/springmodules/spring-modules-cache/src/main/java/org/springmodules/cache/config/jboss/JbossCacheFacadeParser.java
Added : /ipb2/ipb-base/thirdparty/springmodules/spring-modules-cache/src/main/java/org/springmodules/cache/config/jboss/JbossCacheModelParser.java
Added : /ipb2/ipb-base/thirdparty/springmodules/spring-modules-cache/src/main/java/org/springmodules/cache/config/jboss/JbossCacheNamespaceHandler.java
Added : /ipb2/ipb-base/thirdparty/springmodules/spring-modules-cache/src/main/java/org/springmodules/cache/config/jboss/springmodules-jboss.xsd
Added : /ipb2/ipb-base/thirdparty/springmodules/spring-modules-cache/src/main/java/org/springmodules/cache/config/jcs
Added : /ipb2/ipb-base/thirdparty/springmodules/spring-modules-cache/src/main/java/org/springmodules/cache/config/jcs/JcsFacadeParser.java
Added : /ipb2/ipb-base/thirdparty/springmodules/spring-modules-cache/src/main/java/org/springmodules/cache/config/jcs/JcsModelParser.java
Added : /ipb2/ipb-base/thirdparty/springmodules/spring-modules-cache/src/main/java/org/springmodules/cache/config/jcs/JcsNamespaceHandler.java
Added : /ipb2/ipb-base/thirdparty/springmodules/spring-modules-cache/src/main/java/org/springmodules/cache/config/jcs/springmodules-jcs.xsd
Added : /ipb2/ipb-base/thirdparty/springmodules/spring-modules-cache/src/main/java/org/springmodules/cache/config/oscache
Added : /ipb2/ipb-base/thirdparty/springmodules/spring-modules-cache/src/main/java/org/springmodules/cache/config/oscache/OsCacheFacadeParser.java
Added : /ipb2/ipb-base/thirdparty/springmodules/spring-modules-cache/src/main/java/org/springmodules/cache/config/oscache/OsCacheModelParser.java
Added : /ipb2/ipb-base/thirdparty/springmodules/spring-modules-cache/src/main/java/org/springmodules/cache/config/oscache/OsCacheNamespaceHandler.java
Added : /ipb2/ipb-base/thirdparty/springmodules/spring-modules-cache/src/main/java/org/springmodules/cache/config/oscache/springmodules-oscache.xsd
Added : /ipb2/ipb-base/thirdparty/springmodules/spring-modules-cache/src/main/java/org/springmodules/cache/config/tangosol
Added : /ipb2/ipb-base/thirdparty/springmodules/spring-modules-cache/src/main/java/org/springmodules/cache/config/tangosol/CoherenceFacadeParser.java
Added : /ipb2/ipb-base/thirdparty/springmodules/spring-modules-cache/src/main/java/org/springmodules/cache/config/tangosol/CoherenceModelParser.java
Added : /ipb2/ipb-base/thirdparty/springmodules/spring-modules-cache/src/main/java/org/springmodules/cache/config/tangosol/CoherenceNamespaceHandler.java
Added : /ipb2/ipb-base/thirdparty/springmodules/spring-modules-cache/src/main/java/org/springmodules/cache/config/tangosol/springmodules-tangosol.xsd
Added : /ipb2/ipb-base/thirdparty/springmodules/spring-modules-cache/src/main/java/org/springmodules/cache/provider/gigaspaces
Added : /ipb2/ipb-base/thirdparty/springmodules/spring-modules-cache/src/main/java/org/springmodules/cache/provider/gigaspaces/GigaSpacesCachingModel.java
Added : /ipb2/ipb-base/thirdparty/springmodules/spring-modules-cache/src/main/java/org/springmodules/cache/provider/gigaspaces/GigaSpacesFacade.java
Added : /ipb2/ipb-base/thirdparty/springmodules/spring-modules-cache/src/main/java/org/springmodules/cache/provider/gigaspaces/GigaSpacesFlushingModel.java
Added : /ipb2/ipb-base/thirdparty/springmodules/spring-modules-cache/src/main/java/org/springmodules/cache/provider/gigaspaces/GigaSpacesModelValidator.java
Added : /ipb2/ipb-base/thirdparty/springmodules/spring-modules-cache/src/main/java/org/springmodules/cache/provider/jboss
Added : /ipb2/ipb-base/thirdparty/springmodules/spring-modules-cache/src/main/java/org/springmodules/cache/provider/jboss/JbossCacheCachingModel.java
Added : /ipb2/ipb-base/thirdparty/springmodules/spring-modules-cache/src/main/java/org/springmodules/cache/provider/jboss/JbossCacheFacade.java
Added : /ipb2/ipb-base/thirdparty/springmodules/spring-modules-cache/src/main/java/org/springmodules/cache/provider/jboss/JbossCacheFlushingModel.java
Added : /ipb2/ipb-base/thirdparty/springmodules/spring-modules-cache/src/main/java/org/springmodules/cache/provider/jboss/JbossCacheManagerFactoryBean.java
Added : /ipb2/ipb-base/thirdparty/springmodules/spring-modules-cache/src/main/java/org/springmodules/cache/provider/jboss/JbossCacheModelValidator.java
Added : /ipb2/ipb-base/thirdparty/springmodules/spring-modules-cache/src/main/java/org/springmodules/cache/provider/jcs
Added : /ipb2/ipb-base/thirdparty/springmodules/spring-modules-cache/src/main/java/org/springmodules/cache/provider/jcs/JcsCachingModel.java
Added : /ipb2/ipb-base/thirdparty/springmodules/spring-modules-cache/src/main/java/org/springmodules/cache/provider/jcs/JcsFacade.java
Added : /ipb2/ipb-base/thirdparty/springmodules/spring-modules-cache/src/main/java/org/springmodules/cache/provider/jcs/JcsFlushingModel.java
Added : /ipb2/ipb-base/thirdparty/springmodules/spring-modules-cache/src/main/java/org/springmodules/cache/provider/jcs/JcsFlushingModelEditor.java
Added : /ipb2/ipb-base/thirdparty/springmodules/spring-modules-cache/src/main/java/org/springmodules/cache/provider/jcs/JcsManagerFactoryBean.java
Added : /ipb2/ipb-base/thirdparty/springmodules/spring-modules-cache/src/main/java/org/springmodules/cache/provider/jcs/JcsModelValidator.java
Added : /ipb2/ipb-base/thirdparty/springmodules/spring-modules-cache/src/main/java/org/springmodules/cache/provider/oscache
Added : /ipb2/ipb-base/thirdparty/springmodules/spring-modules-cache/src/main/java/org/springmodules/cache/provider/oscache/OsCacheCachingModel.java
Added : /ipb2/ipb-base/thirdparty/springmodules/spring-modules-cache/src/main/java/org/springmodules/cache/provider/oscache/OsCacheFacade.java
Added : /ipb2/ipb-base/thirdparty/springmodules/spring-modules-cache/src/main/java/org/springmodules/cache/provider/oscache/OsCacheFlushingModel.java
Added : /ipb2/ipb-base/thirdparty/springmodules/spring-modules-cache/src/main/java/org/springmodules/cache/provider/oscache/OsCacheManagerFactoryBean.java
Added : /ipb2/ipb-base/thirdparty/springmodules/spring-modules-cache/src/main/java/org/springmodules/cache/provider/oscache/OsCacheModelValidator.java
Added : /ipb2/ipb-base/thirdparty/springmodules/spring-modules-cache/src/main/java/org/springmodules/cache/provider/oscache/RefreshPeriodEditor.java
Added : /ipb2/ipb-base/thirdparty/springmodules/spring-modules-cache/src/main/java/org/springmodules/cache/provider/tangosol
Added : /ipb2/ipb-base/thirdparty/springmodules/spring-modules-cache/src/main/java/org/springmodules/cache/provider/tangosol/CoherenceCachingModel.java
Added : /ipb2/ipb-base/thirdparty/springmodules/spring-modules-cache/src/main/java/org/springmodules/cache/provider/tangosol/CoherenceFacade.java
Added : /ipb2/ipb-base/thirdparty/springmodules/spring-modules-cache/src/main/java/org/springmodules/cache/provider/tangosol/CoherenceFlushingModel.java
Added : /ipb2/ipb-base/thirdparty/springmodules/spring-modules-cache/src/main/java/org/springmodules/cache/provider/tangosol/CoherenceModelValidator.java
Added : /ipb2/ipb-base/thirdparty/springmodules/spring-modules-cache/src/main/java/org/springmodules/util/Strings.java

Revision: 98128
Author: svilkelis
Date: Friday, July 02, 2010 2:56:37 PM
Message:
EISDEV-1837 : Springmodules use a lot of memory
----
Modified : /ipb2/ipb-base/thirdparty/springmodules/spring-modules-cache/pom.xml
Added : /ipb2/ipb-base/thirdparty/springmodules/spring-modules-cache/src/main/java/org/springmodules/util
Modified : /ipb2/ipb-base/thirdparty/springmodules/spring-modules-cache/.classpath
Modified : /ipb2/ipb-base/thirdparty/springmodules/spring-modules-cache/.project
Added : /ipb2/ipb-base/thirdparty/springmodules/spring-modules-cache/.settings
Added : /ipb2/ipb-base/thirdparty/springmodules/spring-modules-cache/.settings/org.eclipse.jdt.core.prefs
Added : /ipb2/ipb-base/thirdparty/springmodules/spring-modules-cache/.settings/org.maven.ide.eclipse.prefs
Added : /ipb2/ipb-base/thirdparty/springmodules/spring-modules-cache/src/main/java/org/springmodules/cache/serializable
Added : /ipb2/ipb-base/thirdparty/springmodules/spring-modules-cache/src/main/java/org/springmodules/cache/serializable/SerializableFactory.java
Added : /ipb2/ipb-base/thirdparty/springmodules/spring-modules-cache/src/main/java/org/springmodules/cache/serializable/XStreamSerializableFactory.java
Added : /ipb2/ipb-base/thirdparty/springmodules/spring-modules-cache/src/main/java/org/springmodules/util/Objects.java

Revision: 95874
Author: mgreibus
Date: Thursday, June 10, 2010 1:06:07 PM
Message:
EISDEV-2974.  spring modules release
----
Deleted : /ipb2/ipb-base/thirdparty/springmodules/spring-modules-cache/src/main/java/org/springmodules/aop/framework/TouchingAfterReturningAdvice.class
Deleted : /ipb2/ipb-base/thirdparty/springmodules/spring-modules-cache/src/main/java/org/springmodules/aop/framework/TouchingNameMatchMethodAdvisor.class
Deleted : /ipb2/ipb-base/thirdparty/springmodules/spring-modules-cache/src/main/java/org/springmodules/cache/CacheAttribute.class
Deleted : /ipb2/ipb-base/thirdparty/springmodules/spring-modules-cache/src/main/java/org/springmodules/cache/CacheException.class
Deleted : /ipb2/ipb-base/thirdparty/springmodules/spring-modules-cache/src/main/java/org/springmodules/cache/CacheModel.class
Deleted : /ipb2/ipb-base/thirdparty/springmodules/spring-modules-cache/src/main/java/org/springmodules/cache/CachingModel.class
Deleted : /ipb2/ipb-base/thirdparty/springmodules/spring-modules-cache/src/main/java/org/springmodules/cache/ConfigurationError.class
Deleted : /ipb2/ipb-base/thirdparty/springmodules/spring-modules-cache/src/main/java/org/springmodules/cache/FatalCacheException.class
Deleted : /ipb2/ipb-base/thirdparty/springmodules/spring-modules-cache/src/main/java/org/springmodules/cache/FlushingModel.class
Deleted : /ipb2/ipb-base/thirdparty/springmodules/spring-modules-cache/src/main/java/org/springmodules/cache/annotations/AnnotationCachingAttributeSource.class
Deleted : /ipb2/ipb-base/thirdparty/springmodules/spring-modules-cache/src/main/java/org/springmodules/cache/annotations/AnnotationFlushingAttributeSource.class
Deleted : /ipb2/ipb-base/thirdparty/springmodules/spring-modules-cache/src/main/java/org/springmodules/cache/annotations/CacheFlush.class
Deleted : /ipb2/ipb-base/thirdparty/springmodules/spring-modules-cache/src/main/java/org/springmodules/cache/annotations/Cacheable.class
Deleted : /ipb2/ipb-base/thirdparty/springmodules/spring-modules-cache/src/main/java/org/springmodules/cache/config/AbstractCacheManagerAndProviderFacadeParser.class
Deleted : /ipb2/ipb-base/thirdparty/springmodules/spring-modules-cache/src/main/java/org/springmodules/cache/config/AbstractCacheModelParser.class
Deleted : /ipb2/ipb-base/thirdparty/springmodules/spring-modules-cache/src/main/java/org/springmodules/cache/config/AbstractCacheNamespaceHandler.class
Deleted : /ipb2/ipb-base/thirdparty/springmodules/spring-modules-cache/src/main/java/org/springmodules/cache/config/AbstractCacheProviderFacadeParser$PropertyName.class
Deleted : /ipb2/ipb-base/thirdparty/springmodules/spring-modules-cache/src/main/java/org/springmodules/cache/config/AbstractCacheProviderFacadeParser$SerializableFactory.class
Deleted : /ipb2/ipb-base/thirdparty/springmodules/spring-modules-cache/src/main/java/org/springmodules/cache/config/AbstractCacheProviderFacadeParser.class
Deleted : /ipb2/ipb-base/thirdparty/springmodules/spring-modules-cache/src/main/java/org/springmodules/cache/config/AbstractCacheSetupStrategyParser.class
Deleted : /ipb2/ipb-base/thirdparty/springmodules/spring-modules-cache/src/main/java/org/springmodules/cache/config/AbstractMetadataAttributesParser$BeanName.class
Deleted : /ipb2/ipb-base/thirdparty/springmodules/spring-modules-cache/src/main/java/org/springmodules/cache/config/AbstractMetadataAttributesParser.class
Deleted : /ipb2/ipb-base/thirdparty/springmodules/spring-modules-cache/src/main/java/org/springmodules/cache/config/AnnotationsParser.class
Deleted : /ipb2/ipb-base/thirdparty/springmodules/spring-modules-cache/src/main/java/org/springmodules/cache/config/BeanReferenceParser.class
Deleted : /ipb2/ipb-base/thirdparty/springmodules/spring-modules-cache/src/main/java/org/springmodules/cache/config/BeanReferenceParserImpl.class
Deleted : /ipb2/ipb-base/thirdparty/springmodules/spring-modules-cache/src/main/java/org/springmodules/cache/config/CacheModelParser.class
Deleted : /ipb2/ipb-base/thirdparty/springmodules/spring-modules-cache/src/main/java/org/springmodules/cache/config/CacheProxyFactoryBeanParser.class
Deleted : /ipb2/ipb-base/thirdparty/springmodules/spring-modules-cache/src/main/java/org/springmodules/cache/config/CacheSetupStrategyPropertySource.class
Deleted : /ipb2/ipb-base/thirdparty/springmodules/spring-modules-cache/src/main/java/org/springmodules/cache/config/CachingListenerValidator.class
Deleted : /ipb2/ipb-base/thirdparty/springmodules/spring-modules-cache/src/main/java/org/springmodules/cache/config/CachingListenerValidatorImpl.class
Deleted : /ipb2/ipb-base/thirdparty/springmodules/spring-modules-cache/src/main/java/org/springmodules/cache/config/CommonsAttributesParser$BeanName.class
Deleted : /ipb2/ipb-base/thirdparty/springmodules/spring-modules-cache/src/main/java/org/springmodules/cache/config/CommonsAttributesParser.class
Deleted : /ipb2/ipb-base/thirdparty/springmodules/spring-modules-cache/src/main/java/org/springmodules/cache/config/MethodMapInterceptorsParser.class
Deleted : /ipb2/ipb-base/thirdparty/springmodules/spring-modules-cache/src/main/java/org/springmodules/cache/config/ehcache/EhCacheFacadeParser.class
Deleted : /ipb2/ipb-base/thirdparty/springmodules/spring-modules-cache/src/main/java/org/springmodules/cache/config/ehcache/EhCacheModelParser.class
Deleted : /ipb2/ipb-base/thirdparty/springmodules/spring-modules-cache/src/main/java/org/springmodules/cache/config/ehcache/EhCacheNamespaceHandler.class
Deleted : /ipb2/ipb-base/thirdparty/springmodules/spring-modules-cache/src/main/java/org/springmodules/cache/impl/Cache.class
Deleted : /ipb2/ipb-base/thirdparty/springmodules/spring-modules-cache/src/main/java/org/springmodules/cache/impl/CacheAlreadyExistsException.class
Deleted : /ipb2/ipb-base/thirdparty/springmodules/spring-modules-cache/src/main/java/org/springmodules/cache/impl/CacheEntry.class
Deleted : /ipb2/ipb-base/thirdparty/springmodules/spring-modules-cache/src/main/java/org/springmodules/cache/impl/CacheManager.class
Deleted : /ipb2/ipb-base/thirdparty/springmodules/spring-modules-cache/src/main/java/org/springmodules/cache/impl/CachingException.class
Deleted : /ipb2/ipb-base/thirdparty/springmodules/spring-modules-cache/src/main/java/org/springmodules/cache/impl/Element.class
Deleted : /ipb2/ipb-base/thirdparty/springmodules/spring-modules-cache/src/main/java/org/springmodules/cache/impl/ObjectCannotBeCopiedException.class
Deleted : /ipb2/ipb-base/thirdparty/springmodules/spring-modules-cache/src/main/java/org/springmodules/cache/interceptor/AbstractNameMatchCacheModelSource.class
Deleted : /ipb2/ipb-base/thirdparty/springmodules/spring-modules-cache/src/main/java/org/springmodules/cache/interceptor/MetadataCacheAttributeSource$MetadataFinder.class
Deleted : /ipb2/ipb-base/thirdparty/springmodules/spring-modules-cache/src/main/java/org/springmodules/cache/interceptor/MetadataCacheAttributeSource.class
Deleted : /ipb2/ipb-base/thirdparty/springmodules/spring-modules-cache/src/main/java/org/springmodules/cache/interceptor/MethodMapCacheModelSource.class
Deleted : /ipb2/ipb-base/thirdparty/springmodules/spring-modules-cache/src/main/java/org/springmodules/cache/interceptor/MethodMatcher$MethodFQN.class
Deleted : /ipb2/ipb-base/thirdparty/springmodules/spring-modules-cache/src/main/java/org/springmodules/cache/interceptor/MethodMatcher.class
Deleted : /ipb2/ipb-base/thirdparty/springmodules/spring-modules-cache/src/main/java/org/springmodules/cache/interceptor/NameMatchCacheModelSource.class
Deleted : /ipb2/ipb-base/thirdparty/springmodules/spring-modules-cache/src/main/java/org/springmodules/cache/interceptor/caching/AbstractCachingInterceptor.class
Deleted : /ipb2/ipb-base/thirdparty/springmodules/spring-modules-cache/src/main/java/org/springmodules/cache/interceptor/caching/AbstractModelSourceCachingInterceptor.class
Deleted : /ipb2/ipb-base/thirdparty/springmodules/spring-modules-cache/src/main/java/org/springmodules/cache/interceptor/caching/Cached.class
Deleted : /ipb2/ipb-base/thirdparty/springmodules/spring-modules-cache/src/main/java/org/springmodules/cache/interceptor/caching/CachingAttributeSource.class
Deleted : /ipb2/ipb-base/thirdparty/springmodules/spring-modules-cache/src/main/java/org/springmodules/cache/interceptor/caching/CachingAttributeSourceAdvisor.class
Deleted : /ipb2/ipb-base/thirdparty/springmodules/spring-modules-cache/src/main/java/org/springmodules/cache/interceptor/caching/CachingListener.class
Deleted : /ipb2/ipb-base/thirdparty/springmodules/spring-modules-cache/src/main/java/org/springmodules/cache/interceptor/caching/CachingModelSource.class
Deleted : /ipb2/ipb-base/thirdparty/springmodules/spring-modules-cache/src/main/java/org/springmodules/cache/interceptor/caching/CachingModelSourceAdvisor.class
Deleted : /ipb2/ipb-base/thirdparty/springmodules/spring-modules-cache/src/main/java/org/springmodules/cache/interceptor/caching/CachingUtils.class
Deleted : /ipb2/ipb-base/thirdparty/springmodules/spring-modules-cache/src/main/java/org/springmodules/cache/interceptor/caching/MetadataCachingAttributeSource.class
Deleted : /ipb2/ipb-base/thirdparty/springmodules/spring-modules-cache/src/main/java/org/springmodules/cache/interceptor/caching/MetadataCachingInterceptor.class
Deleted : /ipb2/ipb-base/thirdparty/springmodules/spring-modules-cache/src/main/java/org/springmodules/cache/interceptor/caching/MethodMapCachingInterceptor.class
Deleted : /ipb2/ipb-base/thirdparty/springmodules/spring-modules-cache/src/main/java/org/springmodules/cache/interceptor/caching/MethodMapCachingModelSource.class
Deleted : /ipb2/ipb-base/thirdparty/springmodules/spring-modules-cache/src/main/java/org/springmodules/cache/interceptor/caching/NameMatchCachingInterceptor.class
Deleted : /ipb2/ipb-base/thirdparty/springmodules/spring-modules-cache/src/main/java/org/springmodules/cache/interceptor/caching/NameMatchCachingModelSource.class
Deleted : /ipb2/ipb-base/thirdparty/springmodules/spring-modules-cache/src/main/java/org/springmodules/cache/interceptor/caching/NullObject.class
Deleted : /ipb2/ipb-base/thirdparty/springmodules/spring-modules-cache/src/main/java/org/springmodules/cache/interceptor/flush/AbstractFlushingInterceptor.class
Deleted : /ipb2/ipb-base/thirdparty/springmodules/spring-modules-cache/src/main/java/org/springmodules/cache/interceptor/flush/AbstractModelSourceFlushingInterceptor.class
Deleted : /ipb2/ipb-base/thirdparty/springmodules/spring-modules-cache/src/main/java/org/springmodules/cache/interceptor/flush/FlushCache.class
Deleted : /ipb2/ipb-base/thirdparty/springmodules/spring-modules-cache/src/main/java/org/springmodules/cache/interceptor/flush/FlushingAttributeSource.class
Deleted : /ipb2/ipb-base/thirdparty/springmodules/spring-modules-cache/src/main/java/org/springmodules/cache/interceptor/flush/FlushingAttributeSourceAdvisor.class
Deleted : /ipb2/ipb-base/thirdparty/springmodules/spring-modules-cache/src/main/java/org/springmodules/cache/interceptor/flush/FlushingModelSource.class
Deleted : /ipb2/ipb-base/thirdparty/springmodules/spring-modules-cache/src/main/java/org/springmodules/cache/interceptor/flush/FlushingModelSourceAdvisor.class
Deleted : /ipb2/ipb-base/thirdparty/springmodules/spring-modules-cache/src/main/java/org/springmodules/cache/interceptor/flush/MetadataFlushingAttributeSource.class
Deleted : /ipb2/ipb-base/thirdparty/springmodules/spring-modules-cache/src/main/java/org/springmodules/cache/interceptor/flush/MetadataFlushingInterceptor.class
Deleted : /ipb2/ipb-base/thirdparty/springmodules/spring-modules-cache/src/main/java/org/springmodules/cache/interceptor/flush/MethodMapFlushingInterceptor.class
Deleted : /ipb2/ipb-base/thirdparty/springmodules/spring-modules-cache/src/main/java/org/springmodules/cache/interceptor/flush/MethodMapFlushingModelSource.class
Deleted : /ipb2/ipb-base/thirdparty/springmodules/spring-modules-cache/src/main/java/org/springmodules/cache/interceptor/flush/NameMatchFlushingInterceptor.class
Deleted : /ipb2/ipb-base/thirdparty/springmodules/spring-modules-cache/src/main/java/org/springmodules/cache/interceptor/flush/NameMatchFlushingModelSource.class
Deleted : /ipb2/ipb-base/thirdparty/springmodules/spring-modules-cache/src/main/java/org/springmodules/cache/interceptor/proxy/CacheProxyFactoryBean.class
Deleted : /ipb2/ipb-base/thirdparty/springmodules/spring-modules-cache/src/main/java/org/springmodules/cache/key/CacheKeyGenerator.class
Deleted : /ipb2/ipb-base/thirdparty/springmodules/spring-modules-cache/src/main/java/org/springmodules/cache/key/HashCodeCacheKey.class
Deleted : /ipb2/ipb-base/thirdparty/springmodules/spring-modules-cache/src/main/java/org/springmodules/cache/key/HashCodeCacheKeyGenerator.class
Deleted : /ipb2/ipb-base/thirdparty/springmodules/spring-modules-cache/src/main/java/org/springmodules/cache/key/HashCodeCalculator.class
Deleted : /ipb2/ipb-base/thirdparty/springmodules/spring-modules-cache/src/main/java/org/springmodules/cache/provider/AbstractCacheManagerFactoryBean.class
Deleted : /ipb2/ipb-base/thirdparty/springmodules/spring-modules-cache/src/main/java/org/springmodules/cache/provider/AbstractCacheModelValidator.class
Deleted : /ipb2/ipb-base/thirdparty/springmodules/spring-modules-cache/src/main/java/org/springmodules/cache/provider/AbstractCacheProviderFacade.class
Deleted : /ipb2/ipb-base/thirdparty/springmodules/spring-modules-cache/src/main/java/org/springmodules/cache/provider/AbstractFlushingModel.class
Deleted : /ipb2/ipb-base/thirdparty/springmodules/spring-modules-cache/src/main/java/org/springmodules/cache/provider/CacheAccessException.class
Deleted : /ipb2/ipb-base/thirdparty/springmodules/spring-modules-cache/src/main/java/org/springmodules/cache/provider/CacheManagerFactoryBean.class
Deleted : /ipb2/ipb-base/thirdparty/springmodules/spring-modules-cache/src/main/java/org/springmodules/cache/provider/CacheModelValidator.class
Deleted : /ipb2/ipb-base/thirdparty/springmodules/spring-modules-cache/src/main/java/org/springmodules/cache/provider/CacheNotFoundException.class
Deleted : /ipb2/ipb-base/thirdparty/springmodules/spring-modules-cache/src/main/java/org/springmodules/cache/provider/CacheProviderFacade.class
Deleted : /ipb2/ipb-base/thirdparty/springmodules/spring-modules-cache/src/main/java/org/springmodules/cache/provider/InvalidCacheModelException.class
Deleted : /ipb2/ipb-base/thirdparty/springmodules/spring-modules-cache/src/main/java/org/springmodules/cache/provider/InvalidObjectInCacheException.class
Deleted : /ipb2/ipb-base/thirdparty/springmodules/spring-modules-cache/src/main/java/org/springmodules/cache/provider/ObjectCannotBeCachedException.class
Deleted : /ipb2/ipb-base/thirdparty/springmodules/spring-modules-cache/src/main/java/org/springmodules/cache/provider/ReflectionCacheModelEditor.class
Deleted : /ipb2/ipb-base/thirdparty/springmodules/spring-modules-cache/src/main/java/org/springmodules/cache/provider/ehcache/EhCacheCachingModel.class
Deleted : /ipb2/ipb-base/thirdparty/springmodules/spring-modules-cache/src/main/java/org/springmodules/cache/provider/ehcache/EhCacheFacade.class
Deleted : /ipb2/ipb-base/thirdparty/springmodules/spring-modules-cache/src/main/java/org/springmodules/cache/provider/ehcache/EhCacheFlushingModel.class
Deleted : /ipb2/ipb-base/thirdparty/springmodules/spring-modules-cache/src/main/java/org/springmodules/cache/provider/ehcache/EhCacheModelValidator.class
Deleted : /ipb2/ipb-base/thirdparty/springmodules/spring-modules-cache/src/main/java/org/springmodules/cache/regex/Match.class
Deleted : /ipb2/ipb-base/thirdparty/springmodules/spring-modules-cache/src/main/java/org/springmodules/cache/regex/PatternInvalidSyntaxException.class
Deleted : /ipb2/ipb-base/thirdparty/springmodules/spring-modules-cache/src/main/java/org/springmodules/cache/regex/Perl5Regex.class
Deleted : /ipb2/ipb-base/thirdparty/springmodules/spring-modules-cache/src/main/java/org/springmodules/cache/regex/Regex.class
Deleted : /ipb2/ipb-base/thirdparty/springmodules/spring-modules-cache/src/main/java/org/springmodules/cache/util/Reflections.class
Deleted : /ipb2/ipb-base/thirdparty/springmodules/spring-modules-cache/src/main/java/org/springmodules/cache/util/SemicolonSeparatedPropertiesParser.class
Deleted : /ipb2/ipb-base/thirdparty/springmodules/spring-modules-cache/src/main/java/org/springmodules/cache/util/SystemUtils.class
Deleted : /ipb2/ipb-base/thirdparty/springmodules/spring-modules-cache/src/main/java/org/springmodules/cache/util/TextMatcher.class
Deleted : /ipb2/ipb-base/thirdparty/springmodules/spring-modules-cache/src/main/java/org/springmodules/commons/chain/CatalogFactoryBean.class
Deleted : /ipb2/ipb-base/thirdparty/springmodules/spring-modules-cache/src/main/java/org/springmodules/commons/chain/CatalogFactoryFactoryBean.class
Deleted : /ipb2/ipb-base/thirdparty/springmodules/spring-modules-cache/src/main/java/org/springmodules/commons/chain/ChainFactoryBean.class
Deleted : /ipb2/ipb-base/thirdparty/springmodules/spring-modules-cache/src/main/java/org/springmodules/commons/configuration/CommonsConfigurationFactoryBean.class
Deleted : /ipb2/ipb-base/thirdparty/springmodules/spring-modules-cache/src/main/java/org/springmodules/commons/lang/CommonsEnumPropertyEditor.class

Revision: 95873
Author: mgreibus
Date: Thursday, June 10, 2010 1:04:53 PM
Message:
EISDEV-2974.  spring modules release
----
Added : /ipb2/ipb-base/thirdparty/springmodules
Added : /ipb2/ipb-base/thirdparty/springmodules/spring-modules-cache
Added : /ipb2/ipb-base/thirdparty/springmodules/spring-modules-cache/pom.xml
Added : /ipb2/ipb-base/thirdparty/springmodules/spring-modules-cache/src
Added : /ipb2/ipb-base/thirdparty/springmodules/spring-modules-cache/src/main
Added : /ipb2/ipb-base/thirdparty/springmodules/spring-modules-cache/src/main/java
Added : /ipb2/ipb-base/thirdparty/springmodules/spring-modules-cache/src/main/java/org
Added : /ipb2/ipb-base/thirdparty/springmodules/spring-modules-cache/src/main/java/org/springmodules
Added : /ipb2/ipb-base/thirdparty/springmodules/spring-modules-cache/src/main/java/org/springmodules/cache
Added : /ipb2/ipb-base/thirdparty/springmodules/spring-modules-cache/src/main/java/org/springmodules/cache/config
Added : /ipb2/ipb-base/thirdparty/springmodules/spring-modules-cache/src/main/java/org/springmodules/cache/provider
Added : /ipb2/ipb-base/thirdparty/springmodules/spring-modules-cache/.classpath
Added : /ipb2/ipb-base/thirdparty/springmodules/spring-modules-cache/.project
Added : /ipb2/ipb-base/thirdparty/springmodules/spring-modules-cache/src/main/java/org/springmodules/aop
Added : /ipb2/ipb-base/thirdparty/springmodules/spring-modules-cache/src/main/java/org/springmodules/aop/framework
Added : /ipb2/ipb-base/thirdparty/springmodules/spring-modules-cache/src/main/java/org/springmodules/aop/framework/TouchingAfterReturningAdvice.class
Added : /ipb2/ipb-base/thirdparty/springmodules/spring-modules-cache/src/main/java/org/springmodules/aop/framework/TouchingNameMatchMethodAdvisor.class
Added : /ipb2/ipb-base/thirdparty/springmodules/spring-modules-cache/src/main/java/org/springmodules/cache/CacheAttribute.class
Added : /ipb2/ipb-base/thirdparty/springmodules/spring-modules-cache/src/main/java/org/springmodules/cache/CacheException.class
Added : /ipb2/ipb-base/thirdparty/springmodules/spring-modules-cache/src/main/java/org/springmodules/cache/CacheModel.class
Added : /ipb2/ipb-base/thirdparty/springmodules/spring-modules-cache/src/main/java/org/springmodules/cache/CachingModel.class
Added : /ipb2/ipb-base/thirdparty/springmodules/spring-modules-cache/src/main/java/org/springmodules/cache/ConfigurationError.class
Added : /ipb2/ipb-base/thirdparty/springmodules/spring-modules-cache/src/main/java/org/springmodules/cache/FatalCacheException.class
Added : /ipb2/ipb-base/thirdparty/springmodules/spring-modules-cache/src/main/java/org/springmodules/cache/FlushingModel.class
Added : /ipb2/ipb-base/thirdparty/springmodules/spring-modules-cache/src/main/java/org/springmodules/cache/annotations
Added : /ipb2/ipb-base/thirdparty/springmodules/spring-modules-cache/src/main/java/org/springmodules/cache/annotations/AnnotationCachingAttributeSource.class
Added : /ipb2/ipb-base/thirdparty/springmodules/spring-modules-cache/src/main/java/org/springmodules/cache/annotations/AnnotationFlushingAttributeSource.class
Added : /ipb2/ipb-base/thirdparty/springmodules/spring-modules-cache/src/main/java/org/springmodules/cache/annotations/CacheFlush.class
Added : /ipb2/ipb-base/thirdparty/springmodules/spring-modules-cache/src/main/java/org/springmodules/cache/annotations/Cacheable.class
Added : /ipb2/ipb-base/thirdparty/springmodules/spring-modules-cache/src/main/java/org/springmodules/cache/config/AbstractCacheManagerAndProviderFacadeParser.class
Added : /ipb2/ipb-base/thirdparty/springmodules/spring-modules-cache/src/main/java/org/springmodules/cache/config/AbstractCacheModelParser.class
Added : /ipb2/ipb-base/thirdparty/springmodules/spring-modules-cache/src/main/java/org/springmodules/cache/config/AbstractCacheNamespaceHandler.class
Added : /ipb2/ipb-base/thirdparty/springmodules/spring-modules-cache/src/main/java/org/springmodules/cache/config/AbstractCacheProviderFacadeParser$PropertyName.class
Added : /ipb2/ipb-base/thirdparty/springmodules/spring-modules-cache/src/main/java/org/springmodules/cache/config/AbstractCacheProviderFacadeParser$SerializableFactory.class
Added : /ipb2/ipb-base/thirdparty/springmodules/spring-modules-cache/src/main/java/org/springmodules/cache/config/AbstractCacheProviderFacadeParser.class
Added : /ipb2/ipb-base/thirdparty/springmodules/spring-modules-cache/src/main/java/org/springmodules/cache/config/AbstractCacheSetupStrategyParser.class
Added : /ipb2/ipb-base/thirdparty/springmodules/spring-modules-cache/src/main/java/org/springmodules/cache/config/AbstractMetadataAttributesParser$BeanName.class
Added : /ipb2/ipb-base/thirdparty/springmodules/spring-modules-cache/src/main/java/org/springmodules/cache/config/AbstractMetadataAttributesParser.class
Added : /ipb2/ipb-base/thirdparty/springmodules/spring-modules-cache/src/main/java/org/springmodules/cache/config/AnnotationsParser.class
Added : /ipb2/ipb-base/thirdparty/springmodules/spring-modules-cache/src/main/java/org/springmodules/cache/config/BeanReferenceParser.class
Added : /ipb2/ipb-base/thirdparty/springmodules/spring-modules-cache/src/main/java/org/springmodules/cache/config/BeanReferenceParserImpl.class
Added : /ipb2/ipb-base/thirdparty/springmodules/spring-modules-cache/src/main/java/org/springmodules/cache/config/CacheModelParser.class
Added : /ipb2/ipb-base/thirdparty/springmodules/spring-modules-cache/src/main/java/org/springmodules/cache/config/CacheProxyFactoryBeanParser.class
Added : /ipb2/ipb-base/thirdparty/springmodules/spring-modules-cache/src/main/java/org/springmodules/cache/config/CacheSetupStrategyPropertySource.class
Added : /ipb2/ipb-base/thirdparty/springmodules/spring-modules-cache/src/main/java/org/springmodules/cache/config/CachingListenerValidator.class
Added : /ipb2/ipb-base/thirdparty/springmodules/spring-modules-cache/src/main/java/org/springmodules/cache/config/CachingListenerValidatorImpl.class
Added : /ipb2/ipb-base/thirdparty/springmodules/spring-modules-cache/src/main/java/org/springmodules/cache/config/CommonsAttributesParser$BeanName.class
Added : /ipb2/ipb-base/thirdparty/springmodules/spring-modules-cache/src/main/java/org/springmodules/cache/config/CommonsAttributesParser.class
Added : /ipb2/ipb-base/thirdparty/springmodules/spring-modules-cache/src/main/java/org/springmodules/cache/config/MethodMapInterceptorsParser.class
Added : /ipb2/ipb-base/thirdparty/springmodules/spring-modules-cache/src/main/java/org/springmodules/cache/config/ehcache
Added : /ipb2/ipb-base/thirdparty/springmodules/spring-modules-cache/src/main/java/org/springmodules/cache/config/ehcache/EhCacheFacadeParser.class
Added : /ipb2/ipb-base/thirdparty/springmodules/spring-modules-cache/src/main/java/org/springmodules/cache/config/ehcache/EhCacheModelParser.class
Added : /ipb2/ipb-base/thirdparty/springmodules/spring-modules-cache/src/main/java/org/springmodules/cache/config/ehcache/EhCacheNamespaceHandler.class
Added : /ipb2/ipb-base/thirdparty/springmodules/spring-modules-cache/src/main/java/org/springmodules/cache/impl
Added : /ipb2/ipb-base/thirdparty/springmodules/spring-modules-cache/src/main/java/org/springmodules/cache/impl/Cache.class
Added : /ipb2/ipb-base/thirdparty/springmodules/spring-modules-cache/src/main/java/org/springmodules/cache/impl/CacheAlreadyExistsException.class
Added : /ipb2/ipb-base/thirdparty/springmodules/spring-modules-cache/src/main/java/org/springmodules/cache/impl/CacheEntry.class
Added : /ipb2/ipb-base/thirdparty/springmodules/spring-modules-cache/src/main/java/org/springmodules/cache/impl/CacheManager.class
Added : /ipb2/ipb-base/thirdparty/springmodules/spring-modules-cache/src/main/java/org/springmodules/cache/impl/CachingException.class
Added : /ipb2/ipb-base/thirdparty/springmodules/spring-modules-cache/src/main/java/org/springmodules/cache/impl/Element.class
Added : /ipb2/ipb-base/thirdparty/springmodules/spring-modules-cache/src/main/java/org/springmodules/cache/impl/ObjectCannotBeCopiedException.class
Added : /ipb2/ipb-base/thirdparty/springmodules/spring-modules-cache/src/main/java/org/springmodules/cache/interceptor
Added : /ipb2/ipb-base/thirdparty/springmodules/spring-modules-cache/src/main/java/org/springmodules/cache/interceptor/AbstractNameMatchCacheModelSource.class
Added : /ipb2/ipb-base/thirdparty/springmodules/spring-modules-cache/src/main/java/org/springmodules/cache/interceptor/MetadataCacheAttributeSource$MetadataFinder.class
Added : /ipb2/ipb-base/thirdparty/springmodules/spring-modules-cache/src/main/java/org/springmodules/cache/interceptor/MetadataCacheAttributeSource.class
Added : /ipb2/ipb-base/thirdparty/springmodules/spring-modules-cache/src/main/java/org/springmodules/cache/interceptor/MethodMapCacheModelSource.class
Added : /ipb2/ipb-base/thirdparty/springmodules/spring-modules-cache/src/main/java/org/springmodules/cache/interceptor/MethodMatcher$MethodFQN.class
Added : /ipb2/ipb-base/thirdparty/springmodules/spring-modules-cache/src/main/java/org/springmodules/cache/interceptor/MethodMatcher.class
Added : /ipb2/ipb-base/thirdparty/springmodules/spring-modules-cache/src/main/java/org/springmodules/cache/interceptor/NameMatchCacheModelSource.class
Added : /ipb2/ipb-base/thirdparty/springmodules/spring-modules-cache/src/main/java/org/springmodules/cache/interceptor/caching
Added : /ipb2/ipb-base/thirdparty/springmodules/spring-modules-cache/src/main/java/org/springmodules/cache/interceptor/caching/AbstractCachingInterceptor.class
Added : /ipb2/ipb-base/thirdparty/springmodules/spring-modules-cache/src/main/java/org/springmodules/cache/interceptor/caching/AbstractModelSourceCachingInterceptor.class
Added : /ipb2/ipb-base/thirdparty/springmodules/spring-modules-cache/src/main/java/org/springmodules/cache/interceptor/caching/Cached.class
Added : /ipb2/ipb-base/thirdparty/springmodules/spring-modules-cache/src/main/java/org/springmodules/cache/interceptor/caching/CachingAttributeSource.class
Added : /ipb2/ipb-base/thirdparty/springmodules/spring-modules-cache/src/main/java/org/springmodules/cache/interceptor/caching/CachingAttributeSourceAdvisor.class
Added : /ipb2/ipb-base/thirdparty/springmodules/spring-modules-cache/src/main/java/org/springmodules/cache/interceptor/caching/CachingListener.class
Added : /ipb2/ipb-base/thirdparty/springmodules/spring-modules-cache/src/main/java/org/springmodules/cache/interceptor/caching/CachingModelSource.class
Added : /ipb2/ipb-base/thirdparty/springmodules/spring-modules-cache/src/main/java/org/springmodules/cache/interceptor/caching/CachingModelSourceAdvisor.class
Added : /ipb2/ipb-base/thirdparty/springmodules/spring-modules-cache/src/main/java/org/springmodules/cache/interceptor/caching/CachingUtils.class
Added : /ipb2/ipb-base/thirdparty/springmodules/spring-modules-cache/src/main/java/org/springmodules/cache/interceptor/caching/MetadataCachingAttributeSource.class
Added : /ipb2/ipb-base/thirdparty/springmodules/spring-modules-cache/src/main/java/org/springmodules/cache/interceptor/caching/MetadataCachingInterceptor.class
Added : /ipb2/ipb-base/thirdparty/springmodules/spring-modules-cache/src/main/java/org/springmodules/cache/interceptor/caching/MethodMapCachingInterceptor.class
Added : /ipb2/ipb-base/thirdparty/springmodules/spring-modules-cache/src/main/java/org/springmodules/cache/interceptor/caching/MethodMapCachingModelSource.class
Added : /ipb2/ipb-base/thirdparty/springmodules/spring-modules-cache/src/main/java/org/springmodules/cache/interceptor/caching/NameMatchCachingInterceptor.class
Added : /ipb2/ipb-base/thirdparty/springmodules/spring-modules-cache/src/main/java/org/springmodules/cache/interceptor/caching/NameMatchCachingModelSource.class
Added : /ipb2/ipb-base/thirdparty/springmodules/spring-modules-cache/src/main/java/org/springmodules/cache/interceptor/caching/NullObject.class
Added : /ipb2/ipb-base/thirdparty/springmodules/spring-modules-cache/src/main/java/org/springmodules/cache/interceptor/flush
Added : /ipb2/ipb-base/thirdparty/springmodules/spring-modules-cache/src/main/java/org/springmodules/cache/interceptor/flush/AbstractFlushingInterceptor.class
Added : /ipb2/ipb-base/thirdparty/springmodules/spring-modules-cache/src/main/java/org/springmodules/cache/interceptor/flush/AbstractModelSourceFlushingInterceptor.class
Added : /ipb2/ipb-base/thirdparty/springmodules/spring-modules-cache/src/main/java/org/springmodules/cache/interceptor/flush/FlushCache.class
Added : /ipb2/ipb-base/thirdparty/springmodules/spring-modules-cache/src/main/java/org/springmodules/cache/interceptor/flush/FlushingAttributeSource.class
Added : /ipb2/ipb-base/thirdparty/springmodules/spring-modules-cache/src/main/java/org/springmodules/cache/interceptor/flush/FlushingAttributeSourceAdvisor.class
Added : /ipb2/ipb-base/thirdparty/springmodules/spring-modules-cache/src/main/java/org/springmodules/cache/interceptor/flush/FlushingModelSource.class
Added : /ipb2/ipb-base/thirdparty/springmodules/spring-modules-cache/src/main/java/org/springmodules/cache/interceptor/flush/FlushingModelSourceAdvisor.class
Added : /ipb2/ipb-base/thirdparty/springmodules/spring-modules-cache/src/main/java/org/springmodules/cache/interceptor/flush/MetadataFlushingAttributeSource.class
Added : /ipb2/ipb-base/thirdparty/springmodules/spring-modules-cache/src/main/java/org/springmodules/cache/interceptor/flush/MetadataFlushingInterceptor.class
Added : /ipb2/ipb-base/thirdparty/springmodules/spring-modules-cache/src/main/java/org/springmodules/cache/interceptor/flush/MethodMapFlushingInterceptor.class
Added : /ipb2/ipb-base/thirdparty/springmodules/spring-modules-cache/src/main/java/org/springmodules/cache/interceptor/flush/MethodMapFlushingModelSource.class
Added : /ipb2/ipb-base/thirdparty/springmodules/spring-modules-cache/src/main/java/org/springmodules/cache/interceptor/flush/NameMatchFlushingInterceptor.class
Added : /ipb2/ipb-base/thirdparty/springmodules/spring-modules-cache/src/main/java/org/springmodules/cache/interceptor/flush/NameMatchFlushingModelSource.class
Added : /ipb2/ipb-base/thirdparty/springmodules/spring-modules-cache/src/main/java/org/springmodules/cache/interceptor/proxy
Added : /ipb2/ipb-base/thirdparty/springmodules/spring-modules-cache/src/main/java/org/springmodules/cache/interceptor/proxy/CacheProxyFactoryBean.class
Added : /ipb2/ipb-base/thirdparty/springmodules/spring-modules-cache/src/main/java/org/springmodules/cache/key
Added : /ipb2/ipb-base/thirdparty/springmodules/spring-modules-cache/src/main/java/org/springmodules/cache/key/CacheKeyGenerator.class
Added : /ipb2/ipb-base/thirdparty/springmodules/spring-modules-cache/src/main/java/org/springmodules/cache/key/HashCodeCacheKey.class
Added : /ipb2/ipb-base/thirdparty/springmodules/spring-modules-cache/src/main/java/org/springmodules/cache/key/HashCodeCacheKeyGenerator.class
Added : /ipb2/ipb-base/thirdparty/springmodules/spring-modules-cache/src/main/java/org/springmodules/cache/key/HashCodeCalculator.class
Added : /ipb2/ipb-base/thirdparty/springmodules/spring-modules-cache/src/main/java/org/springmodules/cache/provider/AbstractCacheManagerFactoryBean.class
Added : /ipb2/ipb-base/thirdparty/springmodules/spring-modules-cache/src/main/java/org/springmodules/cache/provider/AbstractCacheModelValidator.class
Added : /ipb2/ipb-base/thirdparty/springmodules/spring-modules-cache/src/main/java/org/springmodules/cache/provider/AbstractCacheProviderFacade.class
Added : /ipb2/ipb-base/thirdparty/springmodules/spring-modules-cache/src/main/java/org/springmodules/cache/provider/AbstractFlushingModel.class
Added : /ipb2/ipb-base/thirdparty/springmodules/spring-modules-cache/src/main/java/org/springmodules/cache/provider/CacheAccessException.class
Added : /ipb2/ipb-base/thirdparty/springmodules/spring-modules-cache/src/main/java/org/springmodules/cache/provider/CacheManagerFactoryBean.class
Added : /ipb2/ipb-base/thirdparty/springmodules/spring-modules-cache/src/main/java/org/springmodules/cache/provider/CacheModelValidator.class
Added : /ipb2/ipb-base/thirdparty/springmodules/spring-modules-cache/src/main/java/org/springmodules/cache/provider/CacheNotFoundException.class
Added : /ipb2/ipb-base/thirdparty/springmodules/spring-modules-cache/src/main/java/org/springmodules/cache/provider/CacheProviderFacade.class
Added : /ipb2/ipb-base/thirdparty/springmodules/spring-modules-cache/src/main/java/org/springmodules/cache/provider/InvalidCacheModelException.class
Added : /ipb2/ipb-base/thirdparty/springmodules/spring-modules-cache/src/main/java/org/springmodules/cache/provider/InvalidObjectInCacheException.class
Added : /ipb2/ipb-base/thirdparty/springmodules/spring-modules-cache/src/main/java/org/springmodules/cache/provider/ObjectCannotBeCachedException.class
Added : /ipb2/ipb-base/thirdparty/springmodules/spring-modules-cache/src/main/java/org/springmodules/cache/provider/ReflectionCacheModelEditor.class
Added : /ipb2/ipb-base/thirdparty/springmodules/spring-modules-cache/src/main/java/org/springmodules/cache/provider/ehcache
Added : /ipb2/ipb-base/thirdparty/springmodules/spring-modules-cache/src/main/java/org/springmodules/cache/provider/ehcache/EhCacheCachingModel.class
Added : /ipb2/ipb-base/thirdparty/springmodules/spring-modules-cache/src/main/java/org/springmodules/cache/provider/ehcache/EhCacheFacade.class
Added : /ipb2/ipb-base/thirdparty/springmodules/spring-modules-cache/src/main/java/org/springmodules/cache/provider/ehcache/EhCacheFlushingModel.class
Added : /ipb2/ipb-base/thirdparty/springmodules/spring-modules-cache/src/main/java/org/springmodules/cache/provider/ehcache/EhCacheModelValidator.class
Added : /ipb2/ipb-base/thirdparty/springmodules/spring-modules-cache/src/main/java/org/springmodules/cache/regex
Added : /ipb2/ipb-base/thirdparty/springmodules/spring-modules-cache/src/main/java/org/springmodules/cache/regex/Match.class
Added : /ipb2/ipb-base/thirdparty/springmodules/spring-modules-cache/src/main/java/org/springmodules/cache/regex/PatternInvalidSyntaxException.class
Added : /ipb2/ipb-base/thirdparty/springmodules/spring-modules-cache/src/main/java/org/springmodules/cache/regex/Perl5Regex.class
Added : /ipb2/ipb-base/thirdparty/springmodules/spring-modules-cache/src/main/java/org/springmodules/cache/regex/Regex.class
Added : /ipb2/ipb-base/thirdparty/springmodules/spring-modules-cache/src/main/java/org/springmodules/cache/util
Added : /ipb2/ipb-base/thirdparty/springmodules/spring-modules-cache/src/main/java/org/springmodules/cache/util/Reflections.class
Added : /ipb2/ipb-base/thirdparty/springmodules/spring-modules-cache/src/main/java/org/springmodules/cache/util/SemicolonSeparatedPropertiesParser.class
Added : /ipb2/ipb-base/thirdparty/springmodules/spring-modules-cache/src/main/java/org/springmodules/cache/util/SystemUtils.class
Added : /ipb2/ipb-base/thirdparty/springmodules/spring-modules-cache/src/main/java/org/springmodules/cache/util/TextMatcher.class
Added : /ipb2/ipb-base/thirdparty/springmodules/spring-modules-cache/src/main/java/org/springmodules/commons
Added : /ipb2/ipb-base/thirdparty/springmodules/spring-modules-cache/src/main/java/org/springmodules/commons/chain
Added : /ipb2/ipb-base/thirdparty/springmodules/spring-modules-cache/src/main/java/org/springmodules/commons/chain/CatalogFactoryBean.class
Added : /ipb2/ipb-base/thirdparty/springmodules/spring-modules-cache/src/main/java/org/springmodules/commons/chain/CatalogFactoryFactoryBean.class
Added : /ipb2/ipb-base/thirdparty/springmodules/spring-modules-cache/src/main/java/org/springmodules/commons/chain/ChainFactoryBean.class
Added : /ipb2/ipb-base/thirdparty/springmodules/spring-modules-cache/src/main/java/org/springmodules/commons/configuration
Added : /ipb2/ipb-base/thirdparty/springmodules/spring-modules-cache/src/main/java/org/springmodules/commons/configuration/CommonsConfigurationFactoryBean.class
Added : /ipb2/ipb-base/thirdparty/springmodules/spring-modules-cache/src/main/java/org/springmodules/commons/lang
Added : /ipb2/ipb-base/thirdparty/springmodules/spring-modules-cache/src/main/java/org/springmodules/commons/lang/CommonsEnumPropertyEditor.class
Added : /ipb2/ipb-base/thirdparty/springmodules/spring-modules-cache/src/main/java/org/springmodules/aop/framework/TouchingAfterReturningAdvice.java
Added : /ipb2/ipb-base/thirdparty/springmodules/spring-modules-cache/src/main/java/org/springmodules/aop/framework/TouchingNameMatchMethodAdvisor.java
Added : /ipb2/ipb-base/thirdparty/springmodules/spring-modules-cache/src/main/java/org/springmodules/cache/CacheAttribute.java
Added : /ipb2/ipb-base/thirdparty/springmodules/spring-modules-cache/src/main/java/org/springmodules/cache/CacheException.java
Added : /ipb2/ipb-base/thirdparty/springmodules/spring-modules-cache/src/main/java/org/springmodules/cache/CacheModel.java
Added : /ipb2/ipb-base/thirdparty/springmodules/spring-modules-cache/src/main/java/org/springmodules/cache/CachingModel.java
Added : /ipb2/ipb-base/thirdparty/springmodules/spring-modules-cache/src/main/java/org/springmodules/cache/ConfigurationError.java
Added : /ipb2/ipb-base/thirdparty/springmodules/spring-modules-cache/src/main/java/org/springmodules/cache/FatalCacheException.java
Added : /ipb2/ipb-base/thirdparty/springmodules/spring-modules-cache/src/main/java/org/springmodules/cache/FlushingModel.java
Added : /ipb2/ipb-base/thirdparty/springmodules/spring-modules-cache/src/main/java/org/springmodules/cache/annotations/AnnotationCachingAttributeSource.java
Added : /ipb2/ipb-base/thirdparty/springmodules/spring-modules-cache/src/main/java/org/springmodules/cache/annotations/AnnotationFlushingAttributeSource.java
Added : /ipb2/ipb-base/thirdparty/springmodules/spring-modules-cache/src/main/java/org/springmodules/cache/annotations/CacheFlush.java
Added : /ipb2/ipb-base/thirdparty/springmodules/spring-modules-cache/src/main/java/org/springmodules/cache/annotations/Cacheable.java
Added : /ipb2/ipb-base/thirdparty/springmodules/spring-modules-cache/src/main/java/org/springmodules/cache/config/AbstractCacheManagerAndProviderFacadeParser.java
Added : /ipb2/ipb-base/thirdparty/springmodules/spring-modules-cache/src/main/java/org/springmodules/cache/config/AbstractCacheModelParser.java
Added : /ipb2/ipb-base/thirdparty/springmodules/spring-modules-cache/src/main/java/org/springmodules/cache/config/AbstractCacheNamespaceHandler.java
Added : /ipb2/ipb-base/thirdparty/springmodules/spring-modules-cache/src/main/java/org/springmodules/cache/config/AbstractCacheProviderFacadeParser.java
Added : /ipb2/ipb-base/thirdparty/springmodules/spring-modules-cache/src/main/java/org/springmodules/cache/config/AbstractCacheSetupStrategyParser.java
Added : /ipb2/ipb-base/thirdparty/springmodules/spring-modules-cache/src/main/java/org/springmodules/cache/config/AbstractMetadataAttributesParser.java
Added : /ipb2/ipb-base/thirdparty/springmodules/spring-modules-cache/src/main/java/org/springmodules/cache/config/AnnotationsParser.java
Added : /ipb2/ipb-base/thirdparty/springmodules/spring-modules-cache/src/main/java/org/springmodules/cache/config/BeanReferenceParser.java
Added : /ipb2/ipb-base/thirdparty/springmodules/spring-modules-cache/src/main/java/org/springmodules/cache/config/BeanReferenceParserImpl.java
Added : /ipb2/ipb-base/thirdparty/springmodules/spring-modules-cache/src/main/java/org/springmodules/cache/config/CacheModelParser.java
Added : /ipb2/ipb-base/thirdparty/springmodules/spring-modules-cache/src/main/java/org/springmodules/cache/config/CacheProxyFactoryBeanParser.java
Added : /ipb2/ipb-base/thirdparty/springmodules/spring-modules-cache/src/main/java/org/springmodules/cache/config/CacheSetupStrategyPropertySource.java
Added : /ipb2/ipb-base/thirdparty/springmodules/spring-modules-cache/src/main/java/org/springmodules/cache/config/CachingListenerValidator.java
Added : /ipb2/ipb-base/thirdparty/springmodules/spring-modules-cache/src/main/java/org/springmodules/cache/config/CachingListenerValidatorImpl.java
Added : /ipb2/ipb-base/thirdparty/springmodules/spring-modules-cache/src/main/java/org/springmodules/cache/config/CommonsAttributesParser.java
Added : /ipb2/ipb-base/thirdparty/springmodules/spring-modules-cache/src/main/java/org/springmodules/cache/config/MethodMapInterceptorsParser.java
Added : /ipb2/ipb-base/thirdparty/springmodules/spring-modules-cache/src/main/java/org/springmodules/cache/config/ehcache/EhCacheFacadeParser.java
Added : /ipb2/ipb-base/thirdparty/springmodules/spring-modules-cache/src/main/java/org/springmodules/cache/config/ehcache/EhCacheModelParser.java
Added : /ipb2/ipb-base/thirdparty/springmodules/spring-modules-cache/src/main/java/org/springmodules/cache/config/ehcache/EhCacheNamespaceHandler.java
Added : /ipb2/ipb-base/thirdparty/springmodules/spring-modules-cache/src/main/java/org/springmodules/cache/config/ehcache/springmodules-ehcache.xsd
Added : /ipb2/ipb-base/thirdparty/springmodules/spring-modules-cache/src/main/java/org/springmodules/cache/config/springmodules-cache.xsd
Added : /ipb2/ipb-base/thirdparty/springmodules/spring-modules-cache/src/main/java/org/springmodules/cache/impl/Cache.java
Added : /ipb2/ipb-base/thirdparty/springmodules/spring-modules-cache/src/main/java/org/springmodules/cache/impl/CacheAlreadyExistsException.java
Added : /ipb2/ipb-base/thirdparty/springmodules/spring-modules-cache/src/main/java/org/springmodules/cache/impl/CacheEntry.java
Added : /ipb2/ipb-base/thirdparty/springmodules/spring-modules-cache/src/main/java/org/springmodules/cache/impl/CacheManager.java
Added : /ipb2/ipb-base/thirdparty/springmodules/spring-modules-cache/src/main/java/org/springmodules/cache/impl/CachingException.java
Added : /ipb2/ipb-base/thirdparty/springmodules/spring-modules-cache/src/main/java/org/springmodules/cache/impl/Element.java
Added : /ipb2/ipb-base/thirdparty/springmodules/spring-modules-cache/src/main/java/org/springmodules/cache/impl/ObjectCannotBeCopiedException.java
Added : /ipb2/ipb-base/thirdparty/springmodules/spring-modules-cache/src/main/java/org/springmodules/cache/impl/lru
Added : /ipb2/ipb-base/thirdparty/springmodules/spring-modules-cache/src/main/java/org/springmodules/cache/interceptor/AbstractNameMatchCacheModelSource.java
Added : /ipb2/ipb-base/thirdparty/springmodules/spring-modules-cache/src/main/java/org/springmodules/cache/interceptor/CacheKey.java
Added : /ipb2/ipb-base/thirdparty/springmodules/spring-modules-cache/src/main/java/org/springmodules/cache/interceptor/MetadataCacheAttributeSource.java
Added : /ipb2/ipb-base/thirdparty/springmodules/spring-modules-cache/src/main/java/org/springmodules/cache/interceptor/MethodMapCacheModelSource.java
Added : /ipb2/ipb-base/thirdparty/springmodules/spring-modules-cache/src/main/java/org/springmodules/cache/interceptor/MethodMatcher.java
Added : /ipb2/ipb-base/thirdparty/springmodules/spring-modules-cache/src/main/java/org/springmodules/cache/interceptor/NameMatchCacheModelSource.java
Added : /ipb2/ipb-base/thirdparty/springmodules/spring-modules-cache/src/main/java/org/springmodules/cache/interceptor/caching/AbstractCachingInterceptor.java
Added : /ipb2/ipb-base/thirdparty/springmodules/spring-modules-cache/src/main/java/org/springmodules/cache/interceptor/caching/AbstractModelSourceCachingInterceptor.java
Added : /ipb2/ipb-base/thirdparty/springmodules/spring-modules-cache/src/main/java/org/springmodules/cache/interceptor/caching/Cached.java
Added : /ipb2/ipb-base/thirdparty/springmodules/spring-modules-cache/src/main/java/org/springmodules/cache/interceptor/caching/CachingAttributeSource.java
Added : /ipb2/ipb-base/thirdparty/springmodules/spring-modules-cache/src/main/java/org/springmodules/cache/interceptor/caching/CachingAttributeSourceAdvisor.java
Added : /ipb2/ipb-base/thirdparty/springmodules/spring-modules-cache/src/main/java/org/springmodules/cache/interceptor/caching/CachingListener.java
Added : /ipb2/ipb-base/thirdparty/springmodules/spring-modules-cache/src/main/java/org/springmodules/cache/interceptor/caching/CachingModelSource.java
Added : /ipb2/ipb-base/thirdparty/springmodules/spring-modules-cache/src/main/java/org/springmodules/cache/interceptor/caching/CachingModelSourceAdvisor.java
Added : /ipb2/ipb-base/thirdparty/springmodules/spring-modules-cache/src/main/java/org/springmodules/cache/interceptor/caching/CachingUtils.java
Added : /ipb2/ipb-base/thirdparty/springmodules/spring-modules-cache/src/main/java/org/springmodules/cache/interceptor/caching/MetadataCachingAttributeSource.java
Added : /ipb2/ipb-base/thirdparty/springmodules/spring-modules-cache/src/main/java/org/springmodules/cache/interceptor/caching/MetadataCachingInterceptor.java
Added : /ipb2/ipb-base/thirdparty/springmodules/spring-modules-cache/src/main/java/org/springmodules/cache/interceptor/caching/MethodMapCachingInterceptor.java
Added : /ipb2/ipb-base/thirdparty/springmodules/spring-modules-cache/src/main/java/org/springmodules/cache/interceptor/caching/MethodMapCachingModelSource.java
Added : /ipb2/ipb-base/thirdparty/springmodules/spring-modules-cache/src/main/java/org/springmodules/cache/interceptor/caching/NameMatchCachingInterceptor.java
Added : /ipb2/ipb-base/thirdparty/springmodules/spring-modules-cache/src/main/java/org/springmodules/cache/interceptor/caching/NameMatchCachingModelSource.java
Added : /ipb2/ipb-base/thirdparty/springmodules/spring-modules-cache/src/main/java/org/springmodules/cache/interceptor/caching/NullObject.java
Added : /ipb2/ipb-base/thirdparty/springmodules/spring-modules-cache/src/main/java/org/springmodules/cache/interceptor/flush/AbstractFlushingInterceptor.java
Added : /ipb2/ipb-base/thirdparty/springmodules/spring-modules-cache/src/main/java/org/springmodules/cache/interceptor/flush/AbstractModelSourceFlushingInterceptor.java
Added : /ipb2/ipb-base/thirdparty/springmodules/spring-modules-cache/src/main/java/org/springmodules/cache/interceptor/flush/FlushCache.java
Added : /ipb2/ipb-base/thirdparty/springmodules/spring-modules-cache/src/main/java/org/springmodules/cache/interceptor/flush/FlushingAttributeSource.java
Added : /ipb2/ipb-base/thirdparty/springmodules/spring-modules-cache/src/main/java/org/springmodules/cache/interceptor/flush/FlushingAttributeSourceAdvisor.java
Added : /ipb2/ipb-base/thirdparty/springmodules/spring-modules-cache/src/main/java/org/springmodules/cache/interceptor/flush/FlushingModelSource.java
Added : /ipb2/ipb-base/thirdparty/springmodules/spring-modules-cache/src/main/java/org/springmodules/cache/interceptor/flush/FlushingModelSourceAdvisor.java
Added : /ipb2/ipb-base/thirdparty/springmodules/spring-modules-cache/src/main/java/org/springmodules/cache/interceptor/flush/MetadataFlushingAttributeSource.java
Added : /ipb2/ipb-base/thirdparty/springmodules/spring-modules-cache/src/main/java/org/springmodules/cache/interceptor/flush/MetadataFlushingInterceptor.java
Added : /ipb2/ipb-base/thirdparty/springmodules/spring-modules-cache/src/main/java/org/springmodules/cache/interceptor/flush/MethodMapFlushingInterceptor.java
Added : /ipb2/ipb-base/thirdparty/springmodules/spring-modules-cache/src/main/java/org/springmodules/cache/interceptor/flush/MethodMapFlushingModelSource.java
Added : /ipb2/ipb-base/thirdparty/springmodules/spring-modules-cache/src/main/java/org/springmodules/cache/interceptor/flush/NameMatchFlushingInterceptor.java
Added : /ipb2/ipb-base/thirdparty/springmodules/spring-modules-cache/src/main/java/org/springmodules/cache/interceptor/flush/NameMatchFlushingModelSource.java
Added : /ipb2/ipb-base/thirdparty/springmodules/spring-modules-cache/src/main/java/org/springmodules/cache/interceptor/proxy/CacheProxyFactoryBean.java
Added : /ipb2/ipb-base/thirdparty/springmodules/spring-modules-cache/src/main/java/org/springmodules/cache/key/CacheKeyGenerator.java
Added : /ipb2/ipb-base/thirdparty/springmodules/spring-modules-cache/src/main/java/org/springmodules/cache/key/HashCodeCacheKey.java
Added : /ipb2/ipb-base/thirdparty/springmodules/spring-modules-cache/src/main/java/org/springmodules/cache/key/HashCodeCacheKeyGenerator.java
Added : /ipb2/ipb-base/thirdparty/springmodules/spring-modules-cache/src/main/java/org/springmodules/cache/key/HashCodeCalculator.java
Added : /ipb2/ipb-base/thirdparty/springmodules/spring-modules-cache/src/main/java/org/springmodules/cache/provider/AbstractCacheManagerFactoryBean.java
Added : /ipb2/ipb-base/thirdparty/springmodules/spring-modules-cache/src/main/java/org/springmodules/cache/provider/AbstractCacheModelValidator.java
Added : /ipb2/ipb-base/thirdparty/springmodules/spring-modules-cache/src/main/java/org/springmodules/cache/provider/AbstractCacheProviderFacade.java
Added : /ipb2/ipb-base/thirdparty/springmodules/spring-modules-cache/src/main/java/org/springmodules/cache/provider/AbstractFlushingModel.java
Added : /ipb2/ipb-base/thirdparty/springmodules/spring-modules-cache/src/main/java/org/springmodules/cache/provider/CacheAccessException.java
Added : /ipb2/ipb-base/thirdparty/springmodules/spring-modules-cache/src/main/java/org/springmodules/cache/provider/CacheManagerFactoryBean.java
Added : /ipb2/ipb-base/thirdparty/springmodules/spring-modules-cache/src/main/java/org/springmodules/cache/provider/CacheModelValidator.java
Added : /ipb2/ipb-base/thirdparty/springmodules/spring-modules-cache/src/main/java/org/springmodules/cache/provider/CacheNotFoundException.java
Added : /ipb2/ipb-base/thirdparty/springmodules/spring-modules-cache/src/main/java/org/springmodules/cache/provider/CacheProviderFacade.java
Added : /ipb2/ipb-base/thirdparty/springmodules/spring-modules-cache/src/main/java/org/springmodules/cache/provider/InvalidCacheModelException.java
Added : /ipb2/ipb-base/thirdparty/springmodules/spring-modules-cache/src/main/java/org/springmodules/cache/provider/InvalidObjectInCacheException.java
Added : /ipb2/ipb-base/thirdparty/springmodules/spring-modules-cache/src/main/java/org/springmodules/cache/provider/ObjectCannotBeCachedException.java
Added : /ipb2/ipb-base/thirdparty/springmodules/spring-modules-cache/src/main/java/org/springmodules/cache/provider/ReflectionCacheModelEditor.java
Added : /ipb2/ipb-base/thirdparty/springmodules/spring-modules-cache/src/main/java/org/springmodules/cache/provider/ehcache/EhCacheCachingModel.java
Added : /ipb2/ipb-base/thirdparty/springmodules/spring-modules-cache/src/main/java/org/springmodules/cache/provider/ehcache/EhCacheFacade.java
Added : /ipb2/ipb-base/thirdparty/springmodules/spring-modules-cache/src/main/java/org/springmodules/cache/provider/ehcache/EhCacheFlushingModel.java
Added : /ipb2/ipb-base/thirdparty/springmodules/spring-modules-cache/src/main/java/org/springmodules/cache/provider/ehcache/EhCacheModelValidator.java
Added : /ipb2/ipb-base/thirdparty/springmodules/spring-modules-cache/src/main/java/org/springmodules/cache/regex/Match.java
Added : /ipb2/ipb-base/thirdparty/springmodules/spring-modules-cache/src/main/java/org/springmodules/cache/regex/PatternInvalidSyntaxException.java
Added : /ipb2/ipb-base/thirdparty/springmodules/spring-modules-cache/src/main/java/org/springmodules/cache/regex/Perl5Regex.java
Added : /ipb2/ipb-base/thirdparty/springmodules/spring-modules-cache/src/main/java/org/springmodules/cache/regex/Regex.java
Added : /ipb2/ipb-base/thirdparty/springmodules/spring-modules-cache/src/main/java/org/springmodules/cache/util/Reflections.java
Added : /ipb2/ipb-base/thirdparty/springmodules/spring-modules-cache/src/main/java/org/springmodules/cache/util/SemicolonSeparatedPropertiesParser.java
Added : /ipb2/ipb-base/thirdparty/springmodules/spring-modules-cache/src/main/java/org/springmodules/cache/util/SystemUtils.java
Added : /ipb2/ipb-base/thirdparty/springmodules/spring-modules-cache/src/main/java/org/springmodules/cache/util/TextMatcher.java
Added : /ipb2/ipb-base/thirdparty/springmodules/spring-modules-cache/src/main/java/org/springmodules/commons/chain/CatalogFactoryBean.java
Added : /ipb2/ipb-base/thirdparty/springmodules/spring-modules-cache/src/main/java/org/springmodules/commons/chain/CatalogFactoryFactoryBean.java
Added : /ipb2/ipb-base/thirdparty/springmodules/spring-modules-cache/src/main/java/org/springmodules/commons/chain/ChainFactoryBean.java
Added : /ipb2/ipb-base/thirdparty/springmodules/spring-modules-cache/src/main/java/org/springmodules/commons/configuration/CommonsConfigurationFactoryBean.java
Added : /ipb2/ipb-base/thirdparty/springmodules/spring-modules-cache/src/main/java/org/springmodules/commons/lang/CommonsEnumPropertyEditor.java
Added : /ipb2/ipb-base/thirdparty/springmodules/spring-modules-cache/src/main/java/org/springmodules/commons/validator
Added : /ipb2/ipb-base/thirdparty/springmodules/spring-modules-cache/src/main/java/org/springmodules/commons/validator/taglib

